2019-06-14 19:54:36.808+0530|[INFO]|MongodbApplication.logStarting() line50|RID:| Starting MongodbApplication on 03281-009L with PID 3532 (D:\My\Project\accio_go\Sample\mongodb\target\classes started by Eshan_zincat in D:\My\Project\accio_go\Sample\mongodb)
2019-06-14 19:54:36.820+0530|[INFO]|MongodbApplication.logStartupProfileInfo() line675|RID:| No active profile set, falling back to default profiles: default
2019-06-14 19:54:42.122+0530|[INFO]|RepositoryConfigurationDelegate.registerRepositoriesIn() line126|RID:| Bootstrapping Spring Data repositories in DEFAULT mode.
2019-06-14 19:54:42.429+0530|[INFO]|RepositoryConfigurationDelegate.registerRepositoriesIn() line182|RID:| Finished Spring Data repository scanning in 251ms. Found 2 repository interfaces.
2019-06-14 19:54:45.510+0530|[INFO]|TomcatWebServer.initialize() line90|RID:| Tomcat initialized with port(s): 8450 (http)
2019-06-14 19:54:45.574+0530|[INFO]|Http11NioProtocol.log() line173|RID:| Initializing ProtocolHandler ["http-nio-8450"]
2019-06-14 19:54:45.614+0530|[INFO]|StandardService.log() line173|RID:| Starting service [Tomcat]
2019-06-14 19:54:45.616+0530|[INFO]|StandardEngine.log() line173|RID:| Starting Servlet engine: [Apache Tomcat/9.0.19]
2019-06-14 19:54:47.745+0530|[INFO]|[/api].log() line173|RID:| Initializing Spring embedded WebApplicationContext
2019-06-14 19:54:47.749+0530|[INFO]|ContextLoader.prepareWebApplicationContext() line296|RID:| Root WebApplicationContext: initialization completed in 10694 ms
2019-06-14 19:54:52.193+0530|[INFO]|cluster.info() line71|RID:| Cluster created with settings {hosts=[acciogo-shard-00-00-xp6rk.mongodb.net:27017, acciogo-shard-00-01-xp6rk.mongodb.net:27017, acciogo-shard-00-02-xp6rk.mongodb.net:27017], mode=MULTIPLE, requiredClusterType=REPLICA_SET, serverSelectionTimeout='30000 ms', maxWaitQueueSize=500, requiredReplicaSetName='AccioGo-shard-0'}
2019-06-14 19:54:52.197+0530|[INFO]|cluster.info() line71|RID:| Adding discovered server acciogo-shard-00-00-xp6rk.mongodb.net:27017 to client view of cluster
2019-06-14 19:54:52.376+0530|[INFO]|cluster.info() line71|RID:| Adding discovered server acciogo-shard-00-01-xp6rk.mongodb.net:27017 to client view of cluster
2019-06-14 19:54:52.382+0530|[INFO]|cluster.info() line71|RID:| Adding discovered server acciogo-shard-00-02-xp6rk.mongodb.net:27017 to client view of cluster
2019-06-14 19:54:54.108+0530|[INFO]|cluster.info() line71|RID:| No server chosen by com.mongodb.client.internal.MongoClientDelegate$1@4c2ab536 from cluster description ClusterDescription{type=REPLICA_SET, connectionMode=MULTIPLE, serverDescriptions=[ServerDescription{address=acciogo-shard-00-02-xp6rk.mongodb.net:27017, type=UNKNOWN, state=CONNECTING}, ServerDescription{address=acciogo-shard-00-01-xp6rk.mongodb.net:27017, type=UNKNOWN, state=CONNECTING}, ServerDescription{address=acciogo-shard-00-00-xp6rk.mongodb.net:27017, type=UNKNOWN, state=CONNECTING}]}. Waiting for 30000 ms before timing out
2019-06-14 19:54:56.604+0530|[INFO]|connection.info() line71|RID:| Opened connection [connectionId{localValue:2, serverValue:55087}] to acciogo-shard-00-00-xp6rk.mongodb.net:27017
2019-06-14 19:54:56.604+0530|[INFO]|connection.info() line71|RID:| Opened connection [connectionId{localValue:3, serverValue:49356}] to acciogo-shard-00-02-xp6rk.mongodb.net:27017
2019-06-14 19:54:56.759+0530|[INFO]|connection.info() line71|RID:| Opened connection [connectionId{localValue:1, serverValue:48494}] to acciogo-shard-00-01-xp6rk.mongodb.net:27017
2019-06-14 19:54:56.818+0530|[INFO]|cluster.info() line71|RID:| Monitor thread successfully connected to server with description ServerDescription{address=acciogo-shard-00-02-xp6rk.mongodb.net:27017, type=REPLICA_SET_SECONDARY, state=CONNECTED, ok=true, version=ServerVersion{versionList=[4, 0, 10]}, minWireVersion=0, maxWireVersion=7, maxDocumentSize=16777216, logicalSessionTimeoutMinutes=30, roundTripTimeNanos=206957879, setName='AccioGo-shard-0', canonicalAddress=acciogo-shard-00-02-xp6rk.mongodb.net:27017, hosts=[acciogo-shard-00-00-xp6rk.mongodb.net:27017, acciogo-shard-00-01-xp6rk.mongodb.net:27017, acciogo-shard-00-02-xp6rk.mongodb.net:27017], passives=[], arbiters=[], primary='acciogo-shard-00-00-xp6rk.mongodb.net:27017', tagSet=TagSet{[Tag{name='region', value='AP_SOUTHEAST_1'}, Tag{name='provider', value='AWS'}, Tag{name='nodeType', value='ELECTABLE'}]}, electionId=null, setVersion=1, lastWriteDate=Fri Jun 14 19:54:53 GMT+05:30 2019, lastUpdateTimeNanos=1575361020507264}
2019-06-14 19:54:56.819+0530|[INFO]|cluster.info() line71|RID:| Monitor thread successfully connected to server with description ServerDescription{address=acciogo-shard-00-00-xp6rk.mongodb.net:27017, type=REPLICA_SET_PRIMARY, state=CONNECTED, ok=true, version=ServerVersion{versionList=[4, 0, 10]}, minWireVersion=0, maxWireVersion=7, maxDocumentSize=16777216, logicalSessionTimeoutMinutes=30, roundTripTimeNanos=209439229, setName='AccioGo-shard-0', canonicalAddress=acciogo-shard-00-00-xp6rk.mongodb.net:27017, hosts=[acciogo-shard-00-00-xp6rk.mongodb.net:27017, acciogo-shard-00-01-xp6rk.mongodb.net:27017, acciogo-shard-00-02-xp6rk.mongodb.net:27017], passives=[], arbiters=[], primary='acciogo-shard-00-00-xp6rk.mongodb.net:27017', tagSet=TagSet{[Tag{name='region', value='AP_SOUTHEAST_1'}, Tag{name='provider', value='AWS'}, Tag{name='nodeType', value='ELECTABLE'}]}, electionId=7fffffff0000000000000001, setVersion=1, lastWriteDate=Fri Jun 14 19:54:53 GMT+05:30 2019, lastUpdateTimeNanos=1575361021450292}
2019-06-14 19:54:56.826+0530|[INFO]|cluster.info() line71|RID:| Setting max election id to 7fffffff0000000000000001 from replica set primary acciogo-shard-00-00-xp6rk.mongodb.net:27017
2019-06-14 19:54:56.827+0530|[INFO]|cluster.info() line71|RID:| Setting max set version to 1 from replica set primary acciogo-shard-00-00-xp6rk.mongodb.net:27017
2019-06-14 19:54:56.829+0530|[INFO]|cluster.info() line71|RID:| Discovered replica set primary acciogo-shard-00-00-xp6rk.mongodb.net:27017
2019-06-14 19:54:56.869+0530|[INFO]|cluster.info() line71|RID:| Monitor thread successfully connected to server with description ServerDescription{address=acciogo-shard-00-01-xp6rk.mongodb.net:27017, type=REPLICA_SET_SECONDARY, state=CONNECTED, ok=true, version=ServerVersion{versionList=[4, 0, 10]}, minWireVersion=0, maxWireVersion=7, maxDocumentSize=16777216, logicalSessionTimeoutMinutes=30, roundTripTimeNanos=107888221, setName='AccioGo-shard-0', canonicalAddress=acciogo-shard-00-01-xp6rk.mongodb.net:27017, hosts=[acciogo-shard-00-00-xp6rk.mongodb.net:27017, acciogo-shard-00-01-xp6rk.mongodb.net:27017, acciogo-shard-00-02-xp6rk.mongodb.net:27017], passives=[], arbiters=[], primary='acciogo-shard-00-00-xp6rk.mongodb.net:27017', tagSet=TagSet{[Tag{name='provider', value='AWS'}, Tag{name='nodeType', value='ELECTABLE'}, Tag{name='region', value='AP_SOUTHEAST_1'}]}, electionId=null, setVersion=1, lastWriteDate=Fri Jun 14 19:54:53 GMT+05:30 2019, lastUpdateTimeNanos=1575361073690835}
2019-06-14 19:54:57.847+0530|[INFO]|connection.info() line71|RID:| Opened connection [connectionId{localValue:4, serverValue:56400}] to acciogo-shard-00-00-xp6rk.mongodb.net:27017
2019-06-14 19:55:00.429+0530|[INFO]|ThreadPoolTaskExecutor.initialize() line171|RID:| Initializing ExecutorService
2019-06-14 19:55:00.434+0530|[INFO]|ThreadPoolTaskExecutor.initialize() line171|RID:| Initializing ExecutorService 'taskExecutor'
2019-06-14 19:55:00.510+0530|[INFO]|PropertySourcedRequestMappingHandlerMapping.initHandlerMethods() line69|RID:| Mapped URL path [/v2/api-docs] onto method [public org.springframework.http.ResponseEntity<springfox.documentation.spring.web.json.Json> springfox.documentation.swagger2.web.Swagger2Controller.getDocumentation(java.lang.String,javax.servlet.http.HttpServletRequest)]
2019-06-14 19:55:01.171+0530|[INFO]|DocumentationPluginsBootstrapper.start() line147|RID:| Context refreshed
2019-06-14 19:55:01.226+0530|[INFO]|DocumentationPluginsBootstrapper.start() line150|RID:| Found 1 custom documentation plugin(s)
2019-06-14 19:55:01.356+0530|[INFO]|ApiListingReferenceScanner.scan() line41|RID:| Scanning for api listing references
2019-06-14 19:55:01.447+0530|[INFO]|Http11NioProtocol.log() line173|RID:| Starting ProtocolHandler ["http-nio-8450"]
2019-06-14 19:55:01.635+0530|[INFO]|TomcatWebServer.start() line204|RID:| Tomcat started on port(s): 8450 (http) with context path '/api'
2019-06-14 19:55:01.645+0530|[INFO]|MongodbApplication.logStarted() line59|RID:| Started MongodbApplication in 26.985 seconds (JVM running for 41.745)
2019-06-14 20:26:45.231+0530|[INFO]|cluster.info() line76|RID:| Exception in monitor thread while connecting to server acciogo-shard-00-00-xp6rk.mongodb.net:27017
com.mongodb.MongoSocketException: acciogo-shard-00-00-xp6rk.mongodb.net
	at com.mongodb.ServerAddress.getSocketAddress(ServerAddress.java:188) ~[mongodb-driver-core-3.8.2.jar:?]
	at com.mongodb.internal.connection.SocketStreamHelper.initialize(SocketStreamHelper.java:64) ~[mongodb-driver-core-3.8.2.jar:?]
	at com.mongodb.internal.connection.SocketStream.open(SocketStream.java:62) ~[mongodb-driver-core-3.8.2.jar:?]
	at com.mongodb.internal.connection.InternalStreamConnection.open(InternalStreamConnection.java:126) ~[mongodb-driver-core-3.8.2.jar:?]
	at com.mongodb.internal.connection.DefaultServerMonitor$ServerMonitorRunnable.run(DefaultServerMonitor.java:131) [mongodb-driver-core-3.8.2.jar:?]
	at java.lang.Thread.run(Thread.java:744) [?:1.8.0]
Caused by: java.net.UnknownHostException: acciogo-shard-00-00-xp6rk.mongodb.net
	at java.net.Inet6AddressImpl.lookupAllHostAddr(Native Method) ~[?:1.8.0]
	at java.net.InetAddress$2.lookupAllHostAddr(InetAddress.java:907) ~[?:1.8.0]
	at java.net.InetAddress.getAddressesFromNameService(InetAddress.java:1302) ~[?:1.8.0]
	at java.net.InetAddress.getAllByName0(InetAddress.java:1255) ~[?:1.8.0]
	at java.net.InetAddress.getAllByName(InetAddress.java:1171) ~[?:1.8.0]
	at java.net.InetAddress.getAllByName(InetAddress.java:1105) ~[?:1.8.0]
	at java.net.InetAddress.getByName(InetAddress.java:1055) ~[?:1.8.0]
	at com.mongodb.ServerAddress.getSocketAddress(ServerAddress.java:186) ~[mongodb-driver-core-3.8.2.jar:?]
	... 5 more
2019-06-14 20:26:45.231+0530|[INFO]|cluster.info() line76|RID:| Exception in monitor thread while connecting to server acciogo-shard-00-01-xp6rk.mongodb.net:27017
com.mongodb.MongoSocketException: acciogo-shard-00-01-xp6rk.mongodb.net
	at com.mongodb.ServerAddress.getSocketAddress(ServerAddress.java:188) ~[mongodb-driver-core-3.8.2.jar:?]
	at com.mongodb.internal.connection.SocketStreamHelper.initialize(SocketStreamHelper.java:64) ~[mongodb-driver-core-3.8.2.jar:?]
	at com.mongodb.internal.connection.SocketStream.open(SocketStream.java:62) ~[mongodb-driver-core-3.8.2.jar:?]
	at com.mongodb.internal.connection.InternalStreamConnection.open(InternalStreamConnection.java:126) ~[mongodb-driver-core-3.8.2.jar:?]
	at com.mongodb.internal.connection.DefaultServerMonitor$ServerMonitorRunnable.run(DefaultServerMonitor.java:131) [mongodb-driver-core-3.8.2.jar:?]
	at java.lang.Thread.run(Thread.java:744) [?:1.8.0]
Caused by: java.net.UnknownHostException: acciogo-shard-00-01-xp6rk.mongodb.net
	at java.net.Inet6AddressImpl.lookupAllHostAddr(Native Method) ~[?:1.8.0]
	at java.net.InetAddress$2.lookupAllHostAddr(InetAddress.java:907) ~[?:1.8.0]
	at java.net.InetAddress.getAddressesFromNameService(InetAddress.java:1302) ~[?:1.8.0]
	at java.net.InetAddress.getAllByName0(InetAddress.java:1255) ~[?:1.8.0]
	at java.net.InetAddress.getAllByName(InetAddress.java:1171) ~[?:1.8.0]
	at java.net.InetAddress.getAllByName(InetAddress.java:1105) ~[?:1.8.0]
	at java.net.InetAddress.getByName(InetAddress.java:1055) ~[?:1.8.0]
	at com.mongodb.ServerAddress.getSocketAddress(ServerAddress.java:186) ~[mongodb-driver-core-3.8.2.jar:?]
	... 5 more
2019-06-14 20:26:45.231+0530|[INFO]|cluster.info() line76|RID:| Exception in monitor thread while connecting to server acciogo-shard-00-02-xp6rk.mongodb.net:27017
com.mongodb.MongoSocketException: acciogo-shard-00-02-xp6rk.mongodb.net
	at com.mongodb.ServerAddress.getSocketAddress(ServerAddress.java:188) ~[mongodb-driver-core-3.8.2.jar:?]
	at com.mongodb.internal.connection.SocketStreamHelper.initialize(SocketStreamHelper.java:64) ~[mongodb-driver-core-3.8.2.jar:?]
	at com.mongodb.internal.connection.SocketStream.open(SocketStream.java:62) ~[mongodb-driver-core-3.8.2.jar:?]
	at com.mongodb.internal.connection.InternalStreamConnection.open(InternalStreamConnection.java:126) ~[mongodb-driver-core-3.8.2.jar:?]
	at com.mongodb.internal.connection.DefaultServerMonitor$ServerMonitorRunnable.run(DefaultServerMonitor.java:131) [mongodb-driver-core-3.8.2.jar:?]
	at java.lang.Thread.run(Thread.java:744) [?:1.8.0]
Caused by: java.net.UnknownHostException: acciogo-shard-00-02-xp6rk.mongodb.net
	at java.net.Inet6AddressImpl.lookupAllHostAddr(Native Method) ~[?:1.8.0]
	at java.net.InetAddress$2.lookupAllHostAddr(InetAddress.java:907) ~[?:1.8.0]
	at java.net.InetAddress.getAddressesFromNameService(InetAddress.java:1302) ~[?:1.8.0]
	at java.net.InetAddress.getAllByName0(InetAddress.java:1255) ~[?:1.8.0]
	at java.net.InetAddress.getAllByName(InetAddress.java:1171) ~[?:1.8.0]
	at java.net.InetAddress.getAllByName(InetAddress.java:1105) ~[?:1.8.0]
	at java.net.InetAddress.getByName(InetAddress.java:1055) ~[?:1.8.0]
	at com.mongodb.ServerAddress.getSocketAddress(ServerAddress.java:186) ~[mongodb-driver-core-3.8.2.jar:?]
	... 5 more
2019-06-14 20:26:58.861+0530|[INFO]|cluster.info() line76|RID:| Exception in monitor thread while connecting to server acciogo-shard-00-01-xp6rk.mongodb.net:27017
com.mongodb.MongoSocketOpenException: Exception opening socket
	at com.mongodb.internal.connection.SocketStream.open(SocketStream.java:67) ~[mongodb-driver-core-3.8.2.jar:?]
	at com.mongodb.internal.connection.InternalStreamConnection.open(InternalStreamConnection.java:126) ~[mongodb-driver-core-3.8.2.jar:?]
	at com.mongodb.internal.connection.DefaultServerMonitor$ServerMonitorRunnable.run(DefaultServerMonitor.java:117) [mongodb-driver-core-3.8.2.jar:?]
	at java.lang.Thread.run(Thread.java:744) [?:1.8.0]
Caused by: java.net.ConnectException: Connection refused: connect
	at java.net.DualStackPlainSocketImpl.waitForConnect(Native Method) ~[?:1.8.0]
	at java.net.DualStackPlainSocketImpl.socketConnect(DualStackPlainSocketImpl.java:85) ~[?:1.8.0]
	at java.net.AbstractPlainSocketImpl.doConnect(AbstractPlainSocketImpl.java:345) ~[?:1.8.0]
	at java.net.AbstractPlainSocketImpl.connectToAddress(AbstractPlainSocketImpl.java:206) ~[?:1.8.0]
	at java.net.AbstractPlainSocketImpl.connect(AbstractPlainSocketImpl.java:188) ~[?:1.8.0]
	at java.net.PlainSocketImpl.connect(PlainSocketImpl.java:172) ~[?:1.8.0]
	at java.net.SocksSocketImpl.connect(SocksSocketImpl.java:392) ~[?:1.8.0]
	at java.net.Socket.connect(Socket.java:589) ~[?:1.8.0]
	at sun.security.ssl.SSLSocketImpl.connect(SSLSocketImpl.java:649) ~[?:1.8.0]
	at com.mongodb.internal.connection.SocketStreamHelper.initialize(SocketStreamHelper.java:64) ~[mongodb-driver-core-3.8.2.jar:?]
	at com.mongodb.internal.connection.SocketStream.open(SocketStream.java:62) ~[mongodb-driver-core-3.8.2.jar:?]
	... 3 more
2019-06-14 20:26:58.939+0530|[INFO]|cluster.info() line76|RID:| Exception in monitor thread while connecting to server acciogo-shard-00-02-xp6rk.mongodb.net:27017
com.mongodb.MongoSocketOpenException: Exception opening socket
	at com.mongodb.internal.connection.SocketStream.open(SocketStream.java:67) ~[mongodb-driver-core-3.8.2.jar:?]
	at com.mongodb.internal.connection.InternalStreamConnection.open(InternalStreamConnection.java:126) ~[mongodb-driver-core-3.8.2.jar:?]
	at com.mongodb.internal.connection.DefaultServerMonitor$ServerMonitorRunnable.run(DefaultServerMonitor.java:117) [mongodb-driver-core-3.8.2.jar:?]
	at java.lang.Thread.run(Thread.java:744) [?:1.8.0]
Caused by: java.net.ConnectException: Connection refused: connect
	at java.net.DualStackPlainSocketImpl.waitForConnect(Native Method) ~[?:1.8.0]
	at java.net.DualStackPlainSocketImpl.socketConnect(DualStackPlainSocketImpl.java:85) ~[?:1.8.0]
	at java.net.AbstractPlainSocketImpl.doConnect(AbstractPlainSocketImpl.java:345) ~[?:1.8.0]
	at java.net.AbstractPlainSocketImpl.connectToAddress(AbstractPlainSocketImpl.java:206) ~[?:1.8.0]
	at java.net.AbstractPlainSocketImpl.connect(AbstractPlainSocketImpl.java:188) ~[?:1.8.0]
	at java.net.PlainSocketImpl.connect(PlainSocketImpl.java:172) ~[?:1.8.0]
	at java.net.SocksSocketImpl.connect(SocksSocketImpl.java:392) ~[?:1.8.0]
	at java.net.Socket.connect(Socket.java:589) ~[?:1.8.0]
	at sun.security.ssl.SSLSocketImpl.connect(SSLSocketImpl.java:649) ~[?:1.8.0]
	at com.mongodb.internal.connection.SocketStreamHelper.initialize(SocketStreamHelper.java:64) ~[mongodb-driver-core-3.8.2.jar:?]
	at com.mongodb.internal.connection.SocketStream.open(SocketStream.java:62) ~[mongodb-driver-core-3.8.2.jar:?]
	... 3 more
2019-06-14 20:26:59.127+0530|[INFO]|cluster.info() line76|RID:| Exception in monitor thread while connecting to server acciogo-shard-00-00-xp6rk.mongodb.net:27017
com.mongodb.MongoSocketOpenException: Exception opening socket
	at com.mongodb.internal.connection.SocketStream.open(SocketStream.java:67) ~[mongodb-driver-core-3.8.2.jar:?]
	at com.mongodb.internal.connection.InternalStreamConnection.open(InternalStreamConnection.java:126) ~[mongodb-driver-core-3.8.2.jar:?]
	at com.mongodb.internal.connection.DefaultServerMonitor$ServerMonitorRunnable.run(DefaultServerMonitor.java:117) [mongodb-driver-core-3.8.2.jar:?]
	at java.lang.Thread.run(Thread.java:744) [?:1.8.0]
Caused by: java.net.ConnectException: Connection refused: connect
	at java.net.DualStackPlainSocketImpl.waitForConnect(Native Method) ~[?:1.8.0]
	at java.net.DualStackPlainSocketImpl.socketConnect(DualStackPlainSocketImpl.java:85) ~[?:1.8.0]
	at java.net.AbstractPlainSocketImpl.doConnect(AbstractPlainSocketImpl.java:345) ~[?:1.8.0]
	at java.net.AbstractPlainSocketImpl.connectToAddress(AbstractPlainSocketImpl.java:206) ~[?:1.8.0]
	at java.net.AbstractPlainSocketImpl.connect(AbstractPlainSocketImpl.java:188) ~[?:1.8.0]
	at java.net.PlainSocketImpl.connect(PlainSocketImpl.java:172) ~[?:1.8.0]
	at java.net.SocksSocketImpl.connect(SocksSocketImpl.java:392) ~[?:1.8.0]
	at java.net.Socket.connect(Socket.java:589) ~[?:1.8.0]
	at sun.security.ssl.SSLSocketImpl.connect(SSLSocketImpl.java:649) ~[?:1.8.0]
	at com.mongodb.internal.connection.SocketStreamHelper.initialize(SocketStreamHelper.java:64) ~[mongodb-driver-core-3.8.2.jar:?]
	at com.mongodb.internal.connection.SocketStream.open(SocketStream.java:62) ~[mongodb-driver-core-3.8.2.jar:?]
	... 3 more
2019-06-14 20:29:12.356+0530|[INFO]|connection.info() line71|RID:| Opened connection [connectionId{localValue:42, serverValue:47662}] to acciogo-shard-00-01-xp6rk.mongodb.net:27017
2019-06-14 20:29:12.514+0530|[INFO]|cluster.info() line71|RID:| Monitor thread successfully connected to server with description ServerDescription{address=acciogo-shard-00-01-xp6rk.mongodb.net:27017, type=REPLICA_SET_SECONDARY, state=CONNECTED, ok=true, version=ServerVersion{versionList=[4, 0, 10]}, minWireVersion=0, maxWireVersion=7, maxDocumentSize=16777216, logicalSessionTimeoutMinutes=30, roundTripTimeNanos=155971149, setName='AccioGo-shard-0', canonicalAddress=acciogo-shard-00-01-xp6rk.mongodb.net:27017, hosts=[acciogo-shard-00-00-xp6rk.mongodb.net:27017, acciogo-shard-00-01-xp6rk.mongodb.net:27017, acciogo-shard-00-02-xp6rk.mongodb.net:27017], passives=[], arbiters=[], primary='acciogo-shard-00-00-xp6rk.mongodb.net:27017', tagSet=TagSet{[Tag{name='provider', value='AWS'}, Tag{name='nodeType', value='ELECTABLE'}, Tag{name='region', value='AP_SOUTHEAST_1'}]}, electionId=null, setVersion=1, lastWriteDate=Fri Jun 14 20:29:08 GMT+05:30 2019, lastUpdateTimeNanos=1577438338345435}
2019-06-14 20:29:13.301+0530|[INFO]|connection.info() line71|RID:| Opened connection [connectionId{localValue:43, serverValue:58420}] to acciogo-shard-00-02-xp6rk.mongodb.net:27017
2019-06-14 20:29:13.338+0530|[INFO]|connection.info() line71|RID:| Opened connection [connectionId{localValue:44, serverValue:56400}] to acciogo-shard-00-00-xp6rk.mongodb.net:27017
2019-06-14 20:29:13.403+0530|[INFO]|cluster.info() line71|RID:| Monitor thread successfully connected to server with description ServerDescription{address=acciogo-shard-00-02-xp6rk.mongodb.net:27017, type=REPLICA_SET_SECONDARY, state=CONNECTED, ok=true, version=ServerVersion{versionList=[4, 0, 10]}, minWireVersion=0, maxWireVersion=7, maxDocumentSize=16777216, logicalSessionTimeoutMinutes=30, roundTripTimeNanos=99697386, setName='AccioGo-shard-0', canonicalAddress=acciogo-shard-00-02-xp6rk.mongodb.net:27017, hosts=[acciogo-shard-00-00-xp6rk.mongodb.net:27017, acciogo-shard-00-01-xp6rk.mongodb.net:27017, acciogo-shard-00-02-xp6rk.mongodb.net:27017], passives=[], arbiters=[], primary='acciogo-shard-00-00-xp6rk.mongodb.net:27017', tagSet=TagSet{[Tag{name='region', value='AP_SOUTHEAST_1'}, Tag{name='provider', value='AWS'}, Tag{name='nodeType', value='ELECTABLE'}]}, electionId=null, setVersion=1, lastWriteDate=Fri Jun 14 20:29:12 GMT+05:30 2019, lastUpdateTimeNanos=1577439227213888}
2019-06-14 20:29:13.434+0530|[INFO]|cluster.info() line71|RID:| Monitor thread successfully connected to server with description ServerDescription{address=acciogo-shard-00-00-xp6rk.mongodb.net:27017, type=REPLICA_SET_PRIMARY, state=CONNECTED, ok=true, version=ServerVersion{versionList=[4, 0, 10]}, minWireVersion=0, maxWireVersion=7, maxDocumentSize=16777216, logicalSessionTimeoutMinutes=30, roundTripTimeNanos=94962539, setName='AccioGo-shard-0', canonicalAddress=acciogo-shard-00-00-xp6rk.mongodb.net:27017, hosts=[acciogo-shard-00-00-xp6rk.mongodb.net:27017, acciogo-shard-00-01-xp6rk.mongodb.net:27017, acciogo-shard-00-02-xp6rk.mongodb.net:27017], passives=[], arbiters=[], primary='acciogo-shard-00-00-xp6rk.mongodb.net:27017', tagSet=TagSet{[Tag{name='region', value='AP_SOUTHEAST_1'}, Tag{name='provider', value='AWS'}, Tag{name='nodeType', value='ELECTABLE'}]}, electionId=7fffffff0000000000000001, setVersion=1, lastWriteDate=Fri Jun 14 20:29:12 GMT+05:30 2019, lastUpdateTimeNanos=1577439259010391}
2019-06-14 20:29:13.436+0530|[INFO]|cluster.info() line71|RID:| Discovered replica set primary acciogo-shard-00-00-xp6rk.mongodb.net:27017
2019-06-14 20:35:50.658+0530|[INFO]|ThreadPoolTaskExecutor.shutdown() line208|RID:| Shutting down ExecutorService 'taskExecutor'
2019-06-14 20:35:50.737+0530|[INFO]|connection.info() line71|RID:| Closed connection [connectionId{localValue:4, serverValue:56400}] to acciogo-shard-00-00-xp6rk.mongodb.net:27017 because there was a socket exception raised on another connection from this pool.
2019-06-14 20:35:51.772+0530|[INFO]|connection.info() line71|RID:| Opened connection [connectionId{localValue:45, serverValue:57268}] to acciogo-shard-00-00-xp6rk.mongodb.net:27017
2019-06-14 20:35:51.858+0530|[INFO]|connection.info() line71|RID:| Closed connection [connectionId{localValue:45, serverValue:57268}] to acciogo-shard-00-00-xp6rk.mongodb.net:27017 because the pool has been closed.
