2019-06-14 16:35:01.698+0530|[INFO]|MongodbApplication.logStarting() line50|RID:| Starting MongodbApplication on 03281-009L with PID 1896 (D:\My\Project\accio_go\Sample\mongodb\target\classes started by Eshan_zincat in D:\My\Project\accio_go\Sample\mongodb)
2019-06-14 16:35:01.712+0530|[INFO]|MongodbApplication.logStartupProfileInfo() line675|RID:| No active profile set, falling back to default profiles: default
2019-06-14 16:35:06.717+0530|[INFO]|RepositoryConfigurationDelegate.registerRepositoriesIn() line126|RID:| Bootstrapping Spring Data repositories in DEFAULT mode.
2019-06-14 16:35:07.010+0530|[INFO]|RepositoryConfigurationDelegate.registerRepositoriesIn() line182|RID:| Finished Spring Data repository scanning in 241ms. Found 2 repository interfaces.
2019-06-14 16:35:10.434+0530|[INFO]|TomcatWebServer.initialize() line90|RID:| Tomcat initialized with port(s): 8450 (http)
2019-06-14 16:35:10.513+0530|[INFO]|Http11NioProtocol.log() line173|RID:| Initializing ProtocolHandler ["http-nio-8450"]
2019-06-14 16:35:10.565+0530|[INFO]|StandardService.log() line173|RID:| Starting service [Tomcat]
2019-06-14 16:35:10.570+0530|[INFO]|StandardEngine.log() line173|RID:| Starting Servlet engine: [Apache Tomcat/9.0.19]
2019-06-14 16:35:12.391+0530|[INFO]|[/api].log() line173|RID:| Initializing Spring embedded WebApplicationContext
2019-06-14 16:35:12.393+0530|[INFO]|ContextLoader.prepareWebApplicationContext() line296|RID:| Root WebApplicationContext: initialization completed in 10460 ms
2019-06-14 16:35:16.958+0530|[INFO]|cluster.info() line71|RID:| Cluster created with settings {hosts=[localhost:27017], mode=MULTIPLE, requiredClusterType=UNKNOWN, serverSelectionTimeout='30000 ms', maxWaitQueueSize=500}
2019-06-14 16:35:16.961+0530|[INFO]|cluster.info() line71|RID:| Adding discovered server localhost:27017 to client view of cluster
2019-06-14 16:35:17.349+0530|[INFO]|connection.info() line71|RID:| Opened connection [connectionId{localValue:1, serverValue:168}] to localhost:27017
2019-06-14 16:35:17.499+0530|[INFO]|cluster.info() line71|RID:| Monitor thread successfully connected to server with description ServerDescription{address=localhost:27017, type=STANDALONE, state=CONNECTED, ok=true, version=ServerVersion{versionList=[4, 0, 10]}, minWireVersion=0, maxWireVersion=7, maxDocumentSize=16777216, logicalSessionTimeoutMinutes=30, roundTripTimeNanos=145111343}
2019-06-14 16:35:17.505+0530|[INFO]|cluster.info() line71|RID:| Discovered cluster type of STANDALONE
2019-06-14 16:35:18.584+0530|[INFO]|connection.info() line71|RID:| Opened connection [connectionId{localValue:2, serverValue:169}] to localhost:27017
2019-06-14 16:35:20.861+0530|[INFO]|ThreadPoolTaskExecutor.initialize() line171|RID:| Initializing ExecutorService
2019-06-14 16:35:20.867+0530|[INFO]|ThreadPoolTaskExecutor.initialize() line171|RID:| Initializing ExecutorService 'taskExecutor'
2019-06-14 16:35:20.958+0530|[INFO]|PropertySourcedRequestMappingHandlerMapping.initHandlerMethods() line69|RID:| Mapped URL path [/v2/api-docs] onto method [public org.springframework.http.ResponseEntity<springfox.documentation.spring.web.json.Json> springfox.documentation.swagger2.web.Swagger2Controller.getDocumentation(java.lang.String,javax.servlet.http.HttpServletRequest)]
2019-06-14 16:35:22.205+0530|[INFO]|DocumentationPluginsBootstrapper.start() line147|RID:| Context refreshed
2019-06-14 16:35:22.278+0530|[INFO]|DocumentationPluginsBootstrapper.start() line150|RID:| Found 1 custom documentation plugin(s)
2019-06-14 16:35:22.454+0530|[INFO]|ApiListingReferenceScanner.scan() line41|RID:| Scanning for api listing references
2019-06-14 16:35:22.594+0530|[INFO]|Http11NioProtocol.log() line173|RID:| Starting ProtocolHandler ["http-nio-8450"]
2019-06-14 16:35:22.765+0530|[INFO]|TomcatWebServer.start() line204|RID:| Tomcat started on port(s): 8450 (http) with context path '/api'
2019-06-14 16:35:22.775+0530|[INFO]|MongodbApplication.logStarted() line59|RID:| Started MongodbApplication in 22.79 seconds (JVM running for 35.361)
2019-06-14 16:35:52.363+0530|[INFO]|RequestListener.requestInitialized() line22|RID:| HttpReq[init]:RequestId:8116159309557691012, Path:http://localhost:8450/api/hotels/all
2019-06-14 16:35:52.451+0530|[INFO]|[/api].log() line173|RID:8116159309557691012| Initializing Spring DispatcherServlet 'dispatcherServlet'
2019-06-14 16:35:52.452+0530|[INFO]|DispatcherServlet.initServletBean() line524|RID:8116159309557691012| Initializing Servlet 'dispatcherServlet'
2019-06-14 16:35:52.488+0530|[INFO]|DispatcherServlet.initServletBean() line546|RID:8116159309557691012| Completed initialization in 35 ms
2019-06-14 16:35:52.957+0530|[INFO]|HotelController.getAllHotels() line44|RID:8116159309557691012| |ReqBdy:|FinalResponse:{"httpStatusDesc":"Ok","resultData":[{"address":{"country":"France","city":"Paris"},"reviews":[{"approved":false,"rating":8,"userName":"John"},{"approved":true,"rating":7,"userName":"Mary"}],"name":"Marriot","id":"5d037f726f3965076845c03f","pricePerNight":130},{"address":{"country":"Romania","city":"Bucharest"},"reviews":[{"approved":true,"rating":9,"userName":"Teddy"}],"name":"Ibis","id":"5d037f726f3965076845c040","pricePerNight":90},{"address":{"country":"Italy","city":"Rome"},"reviews":[],"name":"Sofitel","id":"5d037f726f3965076845c041","pricePerNight":200}],"resultCode":"N/A","resultDescription":"SUCCESSFULLY RETURN THE HOTELS DETAILS","resultShortDesc":"SUCCESSFULLY_RETURN_THE HOTELS_DETAILS","httpStatusCode":200}
2019-06-14 16:35:52.999+0530|[INFO]|Monitor.logExecutionTime() line43|RID:8116159309557691012| ExecutionTime: 285ms
2019-06-14 16:35:53.089+0530|[INFO]|RequestListener.requestDestroyed() line28|RID:8116159309557691012| HttpReq[destroyed]:RequestId:8116159309557691012
2019-06-14 16:48:18.455+0530|[INFO]|ThreadPoolTaskExecutor.shutdown() line208|RID:| Shutting down ExecutorService 'taskExecutor'
2019-06-14 16:48:18.471+0530|[INFO]|connection.info() line71|RID:| Closed connection [connectionId{localValue:2, serverValue:169}] to localhost:27017 because the pool has been closed.
